2021-12-03 03:44:58.904 INFO  (main) [   ] o.e.j.u.log Logging initialized @921ms to org.eclipse.jetty.util.log.Slf4jLog
2021-12-03 03:44:59.115 INFO  (main) [   ] o.e.j.s.Server jetty-9.4.44.v20210927; built: 2021-09-27T23:02:44.612Z; git: 8da83308eeca865e495e53ef315a249d63ba9332; jvm 11.0.2+9-LTS
2021-12-03 03:44:59.124 INFO  (main) [   ] o.e.j.d.p.ScanningAppProvider Deployment monitor [file:///Users/ms/Desktop/IRproject/solr-8.11.0/server/contexts/] at interval 0
2021-12-03 03:44:59.333 INFO  (main) [   ] o.e.j.w.StandardDescriptorProcessor NO JSP Support for /solr, did not find org.apache.jasper.servlet.JspServlet
2021-12-03 03:44:59.341 INFO  (main) [   ] o.e.j.s.session DefaultSessionIdManager workerName=node0
2021-12-03 03:44:59.341 INFO  (main) [   ] o.e.j.s.session No SessionScavenger set, using defaults
2021-12-03 03:44:59.343 INFO  (main) [   ] o.e.j.s.session node0 Scavenging every 660000ms
2021-12-03 03:44:59.405 INFO  (main) [   ] o.a.s.s.SolrDispatchFilter Using logger factory org.apache.logging.slf4j.Log4jLoggerFactory
2021-12-03 03:44:59.410 INFO  (main) [   ] o.a.s.s.SolrDispatchFilter  ___      _       Welcome to Apache Solr™ version 8.11.0
2021-12-03 03:44:59.410 INFO  (main) [   ] o.a.s.s.SolrDispatchFilter / __| ___| |_ _   Starting in standalone mode on port 8983
2021-12-03 03:44:59.410 INFO  (main) [   ] o.a.s.s.SolrDispatchFilter \__ \/ _ \ | '_|  Install dir: /Users/ms/Desktop/IRproject/solr-8.11.0
2021-12-03 03:44:59.410 INFO  (main) [   ] o.a.s.s.SolrDispatchFilter |___/\___/_|_|    Start time: 2021-12-03T03:44:59.410301Z
2021-12-03 03:44:59.432 INFO  (main) [   ] o.a.s.c.SolrPaths Using system property solr.solr.home: /Users/ms/Desktop/IRproject/solr-8.11.0/example/schemaless/solr
2021-12-03 03:44:59.433 INFO  (main) [   ] o.a.s.c.SolrXmlConfig Loading container configuration from /Users/ms/Desktop/IRproject/solr-8.11.0/example/schemaless/solr/solr.xml
2021-12-03 03:44:59.499 INFO  (main) [   ] o.a.s.c.SolrXmlConfig MBean server found: com.sun.jmx.mbeanserver.JmxMBeanServer@6af9fcb2, but no JMX reporters were configured - adding default JMX reporter.
2021-12-03 03:44:59.960 INFO  (main) [   ] o.a.s.h.c.HttpShardHandlerFactory Host whitelist initialized: WhitelistHostChecker [whitelistHosts=null, whitelistHostCheckingEnabled=true]
2021-12-03 03:45:00.149 WARN  (main) [   ] o.e.j.u.s.S.config Trusting all certificates configured for Client@704641e3[provider=null,keyStore=null,trustStore=null]
2021-12-03 03:45:00.149 WARN  (main) [   ] o.e.j.u.s.S.config No Client EndPointIdentificationAlgorithm configured for Client@704641e3[provider=null,keyStore=null,trustStore=null]
2021-12-03 03:45:00.299 WARN  (main) [   ] o.e.j.u.s.S.config Trusting all certificates configured for Client@1a1f5f71[provider=null,keyStore=null,trustStore=null]
2021-12-03 03:45:00.300 WARN  (main) [   ] o.e.j.u.s.S.config No Client EndPointIdentificationAlgorithm configured for Client@1a1f5f71[provider=null,keyStore=null,trustStore=null]
2021-12-03 03:45:00.353 WARN  (main) [   ] o.a.s.c.CoreContainer Not all security plugins configured!  authentication=disabled authorization=disabled.  Solr is only as secure as you make it. Consider configuring authentication/authorization before exposing Solr to users internal or external.  See https://s.apache.org/solrsecurity for more info
2021-12-03 03:45:00.479 INFO  (main) [   ] o.a.s.c.TransientSolrCoreCacheDefault Allocating transient core cache for max 2147483647 cores with initial capacity of 1024
2021-12-03 03:45:00.492 INFO  (main) [   ] o.a.s.h.a.MetricsHistoryHandler No .system collection, keeping metrics history in memory.
2021-12-03 03:45:00.562 INFO  (main) [   ] o.a.s.m.r.SolrJmxReporter JMX monitoring for 'solr.node' (registry 'solr.node') enabled at server: com.sun.jmx.mbeanserver.JmxMBeanServer@6af9fcb2
2021-12-03 03:45:00.562 INFO  (main) [   ] o.a.s.m.r.SolrJmxReporter JMX monitoring for 'solr.jvm' (registry 'solr.jvm') enabled at server: com.sun.jmx.mbeanserver.JmxMBeanServer@6af9fcb2
2021-12-03 03:45:00.563 INFO  (main) [   ] o.a.s.m.r.SolrJmxReporter JMX monitoring for 'solr.jetty' (registry 'solr.jetty') enabled at server: com.sun.jmx.mbeanserver.JmxMBeanServer@6af9fcb2
2021-12-03 03:45:00.602 INFO  (main) [   ] o.a.s.c.CorePropertiesLocator Found 0 core definitions underneath /Users/ms/Desktop/IRproject/solr-8.11.0/example/schemaless/solr
2021-12-03 03:45:00.654 INFO  (main) [   ] o.e.j.s.h.ContextHandler Started o.e.j.w.WebAppContext@323e8306{/solr,file:///Users/ms/Desktop/IRproject/solr-8.11.0/server/solr-webapp/webapp/,AVAILABLE}{/Users/ms/Desktop/IRproject/solr-8.11.0/server/solr-webapp/webapp}
2021-12-03 03:45:00.669 INFO  (main) [   ] o.e.j.s.AbstractConnector Started ServerConnector@6bab2585{HTTP/1.1, (http/1.1, h2c)}{0.0.0.0:8983}
2021-12-03 03:45:00.670 INFO  (main) [   ] o.e.j.s.Server Started @2689ms
2021-12-03 03:45:02.083 INFO  (qtp2121995675-26) [   ] o.a.s.s.HttpSolrCall [admin] webapp=null path=/admin/info/logging params={wt=json&_=1638503007770&since=0} status=0 QTime=19
2021-12-03 03:45:02.931 INFO  (qtp2121995675-19) [   ] o.a.s.s.HttpSolrCall [admin] webapp=null path=/admin/info/system params={wt=json} status=0 QTime=4
2021-12-03 03:45:02.950 INFO  (qtp2121995675-20) [   x:gettingstarted] o.a.s.s.HttpSolrCall [admin] webapp=null path=/admin/cores params={core=gettingstarted&action=STATUS&wt=json} status=0 QTime=0
2021-12-03 03:45:02.960 INFO  (qtp2121995675-21) [   ] o.a.s.s.HttpSolrCall [admin] webapp=null path=/admin/info/system params={wt=json} status=0 QTime=2
2021-12-03 03:45:02.967 INFO  (qtp2121995675-22) [   ] o.a.s.s.HttpSolrCall [admin] webapp=null path=/admin/info/system params={wt=json} status=0 QTime=2
2021-12-03 03:45:02.972 INFO  (qtp2121995675-17) [   x:gettingstarted] o.a.s.s.HttpSolrCall [admin] webapp=null path=/admin/cores params={core=gettingstarted&action=STATUS&wt=json} status=0 QTime=0
2021-12-03 03:45:03.027 INFO  (qtp2121995675-18) [   x:gettingstarted] o.a.s.h.a.CoreAdminOperation core create command name=gettingstarted&action=CREATE&instanceDir=gettingstarted&wt=json
2021-12-03 03:45:03.072 INFO  (qtp2121995675-18) [   x:gettingstarted] o.a.s.c.SolrConfig Using Lucene MatchVersion: 8.11.0
2021-12-03 03:45:03.122 WARN  (qtp2121995675-18) [   x:gettingstarted] o.a.s.c.SolrConfig solrconfig.xml: <jmx> is no longer supported, use solr.xml:/metrics/reporter section instead
2021-12-03 03:45:03.167 INFO  (qtp2121995675-18) [   x:gettingstarted] o.a.s.s.IndexSchema Schema name=default-config
2021-12-03 03:45:03.547 INFO  (qtp2121995675-18) [   x:gettingstarted] o.a.s.s.IndexSchema Loaded schema default-config/1.6 with uniqueid field id
2021-12-03 03:45:03.583 INFO  (qtp2121995675-18) [   x:gettingstarted] o.a.s.c.CoreContainer Creating SolrCore 'gettingstarted' using configuration from instancedir /Users/ms/Desktop/IRproject/solr-8.11.0/example/schemaless/solr/gettingstarted, trusted=true
2021-12-03 03:45:03.596 INFO  (qtp2121995675-18) [   x:gettingstarted] o.a.s.m.r.SolrJmxReporter JMX monitoring for 'solr.core.gettingstarted' (registry 'solr.core.gettingstarted') enabled at server: com.sun.jmx.mbeanserver.JmxMBeanServer@6af9fcb2
2021-12-03 03:45:03.610 INFO  (qtp2121995675-18) [   x:gettingstarted] o.a.s.c.SolrCore [[gettingstarted] ] Opening new SolrCore at [/Users/ms/Desktop/IRproject/solr-8.11.0/example/schemaless/solr/gettingstarted], dataDir=[/Users/ms/Desktop/IRproject/solr-8.11.0/example/schemaless/solr/gettingstarted/data/]
2021-12-03 03:45:04.262 INFO  (qtp2121995675-18) [   x:gettingstarted] o.a.s.u.UpdateHandler Using UpdateLog implementation: org.apache.solr.update.UpdateLog
2021-12-03 03:45:04.262 INFO  (qtp2121995675-18) [   x:gettingstarted] o.a.s.u.UpdateLog Initializing UpdateLog: dataDir= defaultSyncLevel=FLUSH numRecordsToKeep=100 maxNumLogsToKeep=10 numVersionBuckets=65536
2021-12-03 03:45:04.271 INFO  (qtp2121995675-18) [   x:gettingstarted] o.a.s.u.CommitTracker Hard AutoCommit: if uncommitted for 15000ms; 
2021-12-03 03:45:04.271 INFO  (qtp2121995675-18) [   x:gettingstarted] o.a.s.u.CommitTracker Soft AutoCommit: disabled
2021-12-03 03:45:04.332 INFO  (qtp2121995675-18) [   x:gettingstarted] o.a.s.r.ManagedResourceStorage File-based storage initialized to use dir: /Users/ms/Desktop/IRproject/solr-8.11.0/example/schemaless/solr/gettingstarted/conf
2021-12-03 03:45:04.345 INFO  (qtp2121995675-18) [   x:gettingstarted] o.a.s.h.c.SpellCheckComponent Initializing spell checkers
2021-12-03 03:45:04.352 INFO  (qtp2121995675-18) [   x:gettingstarted] o.a.s.s.DirectSolrSpellChecker init: {name=default,field=_text_,classname=solr.DirectSolrSpellChecker,distanceMeasure=internal,accuracy=0.5,maxQueryFrequency=0.01,maxEdits=2,minPrefix=1,maxInspections=5,minQueryLength=4}
2021-12-03 03:45:04.361 INFO  (qtp2121995675-18) [   x:gettingstarted] o.a.s.h.ReplicationHandler Commits will be reserved for 10000 ms
2021-12-03 03:45:04.367 INFO  (qtp2121995675-18) [   x:gettingstarted] o.a.s.u.UpdateLog Could not find max version in index or recent updates, using new clock 1718095031164731392
2021-12-03 03:45:04.370 INFO  (searcherExecutor-15-thread-1-processing-x:gettingstarted) [   x:gettingstarted] o.a.s.c.QuerySenderListener QuerySenderListener done.
2021-12-03 03:45:04.370 INFO  (searcherExecutor-15-thread-1-processing-x:gettingstarted) [   x:gettingstarted] o.a.s.h.c.SpellCheckComponent Loading spell index for spellchecker: default
2021-12-03 03:45:04.371 INFO  (qtp2121995675-18) [   ] o.a.s.s.HttpSolrCall [admin] webapp=null path=/admin/cores params={name=gettingstarted&action=CREATE&instanceDir=gettingstarted&wt=json} status=0 QTime=1343
2021-12-03 03:45:04.376 INFO  (searcherExecutor-15-thread-1-processing-x:gettingstarted) [   x:gettingstarted] o.a.s.c.SolrCore [gettingstarted]  Registered new searcher autowarm time: 0 ms
2021-12-03 03:45:10.962 INFO  (qtp2121995675-25) [   ] o.a.s.s.HttpSolrCall [admin] webapp=null path=/admin/cores params={indexInfo=false&wt=json&_=1638503110918} status=0 QTime=0
2021-12-03 03:45:10.965 INFO  (qtp2121995675-24) [   ] o.a.s.s.HttpSolrCall [admin] webapp=null path=/admin/info/logging params={wt=json&_=1638503110956&since=0} status=0 QTime=0
2021-12-03 03:45:10.967 INFO  (qtp2121995675-26) [   ] o.a.s.s.HttpSolrCall [admin] webapp=null path=/admin/info/system params={wt=json&_=1638503110918} status=0 QTime=4
2021-12-03 03:45:13.099 INFO  (qtp2121995675-24) [   ] o.a.s.s.HttpSolrCall [admin] webapp=null path=/admin/cores params={indexInfo=false&wt=json&_=1638503110918} status=0 QTime=0
2021-12-03 03:45:13.105 INFO  (qtp2121995675-17) [   ] o.a.s.s.HttpSolrCall [admin] webapp=null path=/admin/info/system params={wt=json&_=1638503110918} status=0 QTime=5
2021-12-03 03:45:13.108 INFO  (qtp2121995675-25) [   x:gettingstarted] o.a.s.c.S.Request [gettingstarted]  webapp=/solr path=/admin/system params={wt=json&_=1638503113093} status=0 QTime=4
2021-12-03 03:45:13.110 INFO  (qtp2121995675-22) [   x:gettingstarted] o.a.s.c.S.Request [gettingstarted]  webapp=/solr path=/admin/luke params={numTerms=0&show=index&wt=json&_=1638503113093} status=0 QTime=10
2021-12-03 03:45:13.111 INFO  (qtp2121995675-21) [   x:gettingstarted] o.a.s.c.S.Request [gettingstarted]  webapp=/solr path=/admin/ping params={action=status&wt=json&_=1638503110918&ts=1638503110918} status=503 QTime=2
2021-12-03 03:45:13.117 INFO  (qtp2121995675-19) [   x:gettingstarted] o.a.s.c.S.Request [gettingstarted]  webapp=/solr path=/replication params={wt=json&command=details&_=1638503113093} status=0 QTime=11
2021-12-03 03:45:19.419 INFO  (qtp2121995675-19) [   ] o.a.s.s.HttpSolrCall [admin] webapp=null path=/admin/cores params={indexInfo=false&wt=json&_=1638503110918} status=0 QTime=0
2021-12-03 03:45:19.423 INFO  (qtp2121995675-41) [   ] o.a.s.s.HttpSolrCall [admin] webapp=null path=/admin/info/system params={wt=json&_=1638503110918} status=0 QTime=3
2021-12-03 03:45:19.425 INFO  (qtp2121995675-24) [   x:gettingstarted] o.a.s.c.S.Request [gettingstarted]  webapp=/solr path=/config params={wt=json&_=1638503119406} status=0 QTime=4
2021-12-03 03:45:19.428 INFO  (qtp2121995675-18) [   x:gettingstarted] o.a.s.c.S.Request [gettingstarted]  webapp=/solr path=/admin/luke params={show=schema&wt=json&_=1638503113093} status=0 QTime=8
2021-12-03 03:45:19.472 INFO  (qtp2121995675-22) [   x:gettingstarted] o.a.s.c.S.Request [gettingstarted]  webapp=/solr path=/admin/luke params={numTerms=0&wt=json&_=1638503113093} status=0 QTime=0
2021-12-03 03:45:22.858 INFO  (qtp2121995675-22) [   ] o.a.s.s.HttpSolrCall [admin] webapp=null path=/admin/cores params={indexInfo=false&wt=json&_=1638503110918} status=0 QTime=0
2021-12-03 03:45:22.866 INFO  (qtp2121995675-25) [   x:gettingstarted] o.a.s.c.S.Request [gettingstarted]  webapp=/solr path=/admin/segments params={wt=json&_=1638503122853} status=0 QTime=6
2021-12-03 03:45:22.869 INFO  (qtp2121995675-40) [   ] o.a.s.s.HttpSolrCall [admin] webapp=null path=/admin/info/system params={wt=json&_=1638503110918} status=0 QTime=11
2021-12-03 03:45:25.030 INFO  (qtp2121995675-40) [   ] o.a.s.s.HttpSolrCall [admin] webapp=null path=/admin/cores params={indexInfo=false&wt=json&_=1638503124972} status=0 QTime=0
2021-12-03 03:45:25.032 INFO  (qtp2121995675-22) [   x:gettingstarted] o.a.s.c.S.Request [gettingstarted]  webapp=/solr path=/admin/segments params={wt=json&_=1638503125025} status=0 QTime=1
2021-12-03 03:45:25.033 INFO  (qtp2121995675-21) [   ] o.a.s.s.HttpSolrCall [admin] webapp=null path=/admin/info/system params={wt=json&_=1638503124973} status=0 QTime=2
2021-12-03 03:47:04.900 INFO  (ShutdownMonitor) [   ] o.e.j.s.AbstractConnector Stopped ServerConnector@6bab2585{HTTP/1.1, (http/1.1, h2c)}{0.0.0.0:8983}
2021-12-03 03:47:04.900 INFO  (ShutdownMonitor) [   ] o.e.j.s.session node0 Stopped scavenging
2021-12-03 03:47:04.903 INFO  (ShutdownMonitor) [   ] o.a.s.c.CoreContainer Shutting down CoreContainer instance=1819897025
2021-12-03 03:47:04.907 INFO  (coreCloseExecutor-21-thread-1) [   ] o.a.s.c.SolrCore [gettingstarted]  CLOSING SolrCore org.apache.solr.core.SolrCore@3daab3dc
2021-12-03 03:47:04.907 INFO  (coreCloseExecutor-21-thread-1) [   ] o.a.s.m.SolrMetricManager Closing metric reporters for registry=solr.core.gettingstarted tag=SolrCore@3daab3dc
2021-12-03 03:47:04.907 INFO  (coreCloseExecutor-21-thread-1) [   ] o.a.s.m.r.SolrJmxReporter Closing reporter [org.apache.solr.metrics.reporters.SolrJmxReporter@6d40bbb: rootName = null, domain = solr.core.gettingstarted, service url = null, agent id = null] for registry solr.core.gettingstarted/com.codahale.metrics.MetricRegistry@49ab872e
2021-12-03 03:47:04.922 INFO  (coreCloseExecutor-21-thread-1) [   ] o.a.s.u.DirectUpdateHandler2 Committing on IndexWriter.close()  ... SKIPPED (unnecessary).
2021-12-03 03:47:04.929 INFO  (ShutdownMonitor) [   ] o.a.s.m.SolrMetricManager Closing metric reporters for registry=solr.node tag=null
2021-12-03 03:47:04.929 INFO  (ShutdownMonitor) [   ] o.a.s.m.r.SolrJmxReporter Closing reporter [org.apache.solr.metrics.reporters.SolrJmxReporter@767599a7: rootName = null, domain = solr.node, service url = null, agent id = null] for registry solr.node/com.codahale.metrics.MetricRegistry@4dd88e1f
2021-12-03 03:47:04.932 INFO  (ShutdownMonitor) [   ] o.a.s.m.SolrMetricManager Closing metric reporters for registry=solr.jvm tag=null
2021-12-03 03:47:04.932 INFO  (ShutdownMonitor) [   ] o.a.s.m.r.SolrJmxReporter Closing reporter [org.apache.solr.metrics.reporters.SolrJmxReporter@2c2a027c: rootName = null, domain = solr.jvm, service url = null, agent id = null] for registry solr.jvm/com.codahale.metrics.MetricRegistry@26f46fa3
2021-12-03 03:47:04.933 INFO  (ShutdownMonitor) [   ] o.a.s.m.SolrMetricManager Closing metric reporters for registry=solr.jetty tag=null
2021-12-03 03:47:04.933 INFO  (ShutdownMonitor) [   ] o.a.s.m.r.SolrJmxReporter Closing reporter [org.apache.solr.metrics.reporters.SolrJmxReporter@118dcbbd: rootName = null, domain = solr.jetty, service url = null, agent id = null] for registry solr.jetty/com.codahale.metrics.MetricRegistry@417baa7b
2021-12-03 03:47:04.946 INFO  (ShutdownMonitor) [   ] o.e.j.s.h.ContextHandler Stopped o.e.j.w.WebAppContext@323e8306{/solr,null,STOPPED}{/Users/ms/Desktop/IRproject/solr-8.11.0/server/solr-webapp/webapp}
