2021-12-03 03:47:09.209 INFO  (main) [   ] o.e.j.u.log Logging initialized @1224ms to org.eclipse.jetty.util.log.Slf4jLog
2021-12-03 03:47:09.420 INFO  (main) [   ] o.e.j.s.Server jetty-9.4.44.v20210927; built: 2021-09-27T23:02:44.612Z; git: 8da83308eeca865e495e53ef315a249d63ba9332; jvm 11.0.2+9-LTS
2021-12-03 03:47:09.430 INFO  (main) [   ] o.e.j.d.p.ScanningAppProvider Deployment monitor [file:///Users/ms/Desktop/IRproject/solr-8.11.0/server/contexts/] at interval 0
2021-12-03 03:47:09.636 INFO  (main) [   ] o.e.j.w.StandardDescriptorProcessor NO JSP Support for /solr, did not find org.apache.jasper.servlet.JspServlet
2021-12-03 03:47:09.644 INFO  (main) [   ] o.e.j.s.session DefaultSessionIdManager workerName=node0
2021-12-03 03:47:09.645 INFO  (main) [   ] o.e.j.s.session No SessionScavenger set, using defaults
2021-12-03 03:47:09.646 INFO  (main) [   ] o.e.j.s.session node0 Scavenging every 600000ms
2021-12-03 03:47:09.701 INFO  (main) [   ] o.a.s.s.SolrDispatchFilter Using logger factory org.apache.logging.slf4j.Log4jLoggerFactory
2021-12-03 03:47:09.706 INFO  (main) [   ] o.a.s.s.SolrDispatchFilter  ___      _       Welcome to Apache Solr™ version 8.11.0
2021-12-03 03:47:09.706 INFO  (main) [   ] o.a.s.s.SolrDispatchFilter / __| ___| |_ _   Starting in standalone mode on port 8983
2021-12-03 03:47:09.706 INFO  (main) [   ] o.a.s.s.SolrDispatchFilter \__ \/ _ \ | '_|  Install dir: /Users/ms/Desktop/IRproject/solr-8.11.0
2021-12-03 03:47:09.706 INFO  (main) [   ] o.a.s.s.SolrDispatchFilter |___/\___/_|_|    Start time: 2021-12-03T03:47:09.706508Z
2021-12-03 03:47:09.742 INFO  (main) [   ] o.a.s.c.SolrPaths Using system property solr.solr.home: /Users/ms/Desktop/IRproject/solr-8.11.0/server/solr
2021-12-03 03:47:09.743 INFO  (main) [   ] o.a.s.c.SolrXmlConfig Loading container configuration from /Users/ms/Desktop/IRproject/solr-8.11.0/server/solr/solr.xml
2021-12-03 03:47:09.818 INFO  (main) [   ] o.a.s.c.SolrXmlConfig MBean server found: com.sun.jmx.mbeanserver.JmxMBeanServer@6af9fcb2, but no JMX reporters were configured - adding default JMX reporter.
2021-12-03 03:47:10.253 INFO  (main) [   ] o.a.s.h.c.HttpShardHandlerFactory Host whitelist initialized: WhitelistHostChecker [whitelistHosts=null, whitelistHostCheckingEnabled=true]
2021-12-03 03:47:10.396 WARN  (main) [   ] o.e.j.u.s.S.config Trusting all certificates configured for Client@23a5818e[provider=null,keyStore=null,trustStore=null]
2021-12-03 03:47:10.396 WARN  (main) [   ] o.e.j.u.s.S.config No Client EndPointIdentificationAlgorithm configured for Client@23a5818e[provider=null,keyStore=null,trustStore=null]
2021-12-03 03:47:10.521 WARN  (main) [   ] o.e.j.u.s.S.config Trusting all certificates configured for Client@254f906e[provider=null,keyStore=null,trustStore=null]
2021-12-03 03:47:10.522 WARN  (main) [   ] o.e.j.u.s.S.config No Client EndPointIdentificationAlgorithm configured for Client@254f906e[provider=null,keyStore=null,trustStore=null]
2021-12-03 03:47:10.571 WARN  (main) [   ] o.a.s.c.CoreContainer Not all security plugins configured!  authentication=disabled authorization=disabled.  Solr is only as secure as you make it. Consider configuring authentication/authorization before exposing Solr to users internal or external.  See https://s.apache.org/solrsecurity for more info
2021-12-03 03:47:10.699 INFO  (main) [   ] o.a.s.c.TransientSolrCoreCacheDefault Allocating transient core cache for max 2147483647 cores with initial capacity of 1024
2021-12-03 03:47:10.712 INFO  (main) [   ] o.a.s.h.a.MetricsHistoryHandler No .system collection, keeping metrics history in memory.
2021-12-03 03:47:10.785 INFO  (main) [   ] o.a.s.m.r.SolrJmxReporter JMX monitoring for 'solr.node' (registry 'solr.node') enabled at server: com.sun.jmx.mbeanserver.JmxMBeanServer@6af9fcb2
2021-12-03 03:47:10.786 INFO  (main) [   ] o.a.s.m.r.SolrJmxReporter JMX monitoring for 'solr.jvm' (registry 'solr.jvm') enabled at server: com.sun.jmx.mbeanserver.JmxMBeanServer@6af9fcb2
2021-12-03 03:47:10.787 INFO  (main) [   ] o.a.s.m.r.SolrJmxReporter JMX monitoring for 'solr.jetty' (registry 'solr.jetty') enabled at server: com.sun.jmx.mbeanserver.JmxMBeanServer@6af9fcb2
2021-12-03 03:47:10.822 INFO  (main) [   ] o.a.s.c.CorePropertiesLocator Found 0 core definitions underneath /Users/ms/Desktop/IRproject/solr-8.11.0/server/solr
2021-12-03 03:47:10.870 INFO  (main) [   ] o.e.j.s.h.ContextHandler Started o.e.j.w.WebAppContext@323e8306{/solr,file:///Users/ms/Desktop/IRproject/solr-8.11.0/server/solr-webapp/webapp/,AVAILABLE}{/Users/ms/Desktop/IRproject/solr-8.11.0/server/solr-webapp/webapp}
2021-12-03 03:47:10.885 INFO  (main) [   ] o.e.j.s.AbstractConnector Started ServerConnector@6bab2585{HTTP/1.1, (http/1.1, h2c)}{0.0.0.0:8983}
2021-12-03 03:47:10.885 INFO  (main) [   ] o.e.j.s.Server Started @2902ms
2021-12-03 03:47:19.208 INFO  (qtp2121995675-18) [   ] o.a.s.s.HttpSolrCall [admin] webapp=null path=/admin/cores params={indexInfo=false&wt=json&_=1638503239111} status=0 QTime=27
2021-12-03 03:47:19.217 INFO  (qtp2121995675-19) [   ] o.a.s.s.HttpSolrCall [admin] webapp=null path=/admin/info/system params={wt=json&_=1638503239112} status=0 QTime=36
2021-12-03 03:47:21.169 INFO  (qtp2121995675-24) [   ] o.a.s.s.HttpSolrCall [admin] webapp=null path=/admin/cores params={indexInfo=false&wt=json&_=1638503239111} status=0 QTime=0
2021-12-03 03:47:21.172 INFO  (qtp2121995675-25) [   ] o.a.s.s.HttpSolrCall [admin] webapp=null path=/admin/info/system params={wt=json&_=1638503239112} status=0 QTime=4
2021-12-03 03:47:21.216 INFO  (qtp2121995675-26) [   ] o.a.s.s.HttpSolrCall [admin] webapp=null path=/admin/info/threads params={wt=json&_=1638503241162} status=0 QTime=46
2021-12-03 03:47:21.882 INFO  (qtp2121995675-18) [   ] o.a.s.s.HttpSolrCall [admin] webapp=null path=/admin/cores params={indexInfo=false&wt=json&_=1638503239111} status=0 QTime=0
2021-12-03 03:47:21.884 INFO  (qtp2121995675-38) [   ] o.a.s.s.HttpSolrCall [admin] webapp=null path=/admin/info/properties params={wt=json&_=1638503241877} status=0 QTime=0
2021-12-03 03:47:21.887 INFO  (qtp2121995675-20) [   ] o.a.s.s.HttpSolrCall [admin] webapp=null path=/admin/info/system params={wt=json&_=1638503239112} status=0 QTime=4
2021-12-03 03:47:22.630 INFO  (qtp2121995675-25) [   ] o.a.s.s.HttpSolrCall [admin] webapp=null path=/admin/cores params={indexInfo=false&wt=json&_=1638503239111} status=0 QTime=0
2021-12-03 03:47:22.631 INFO  (qtp2121995675-26) [   ] o.a.s.s.HttpSolrCall [admin] webapp=null path=/admin/cores params={wt=json&_=1638503239111} status=0 QTime=0
2021-12-03 03:47:22.634 INFO  (qtp2121995675-24) [   ] o.a.s.s.HttpSolrCall [admin] webapp=null path=/admin/info/system params={wt=json&_=1638503239112} status=0 QTime=4
2021-12-03 03:47:23.108 INFO  (qtp2121995675-38) [   ] o.a.s.s.HttpSolrCall [admin] webapp=null path=/admin/cores params={indexInfo=false&wt=json&_=1638503239111} status=0 QTime=0
2021-12-03 03:47:23.111 INFO  (qtp2121995675-20) [   ] o.a.s.s.HttpSolrCall [admin] webapp=null path=/admin/info/logging params={wt=json&_=1638503243103&since=0} status=0 QTime=1
2021-12-03 03:47:23.114 INFO  (qtp2121995675-18) [   ] o.a.s.s.HttpSolrCall [admin] webapp=null path=/admin/info/system params={wt=json&_=1638503239112} status=0 QTime=5
2021-12-03 03:47:23.654 INFO  (qtp2121995675-18) [   ] o.a.s.s.HttpSolrCall [admin] webapp=null path=/admin/cores params={indexInfo=false&wt=json&_=1638503239111} status=0 QTime=0
2021-12-03 03:47:23.660 INFO  (qtp2121995675-25) [   ] o.a.s.s.HttpSolrCall [admin] webapp=null path=/admin/info/system params={wt=json&_=1638503239112} status=0 QTime=5
2021-12-03 03:47:23.670 INFO  (qtp2121995675-38) [   ] o.a.s.s.HttpSolrCall [admin] webapp=null path=/admin/info/system params={wt=json&_=1638503239112} status=0 QTime=4
2021-12-03 03:47:39.948 INFO  (ShutdownMonitor) [   ] o.e.j.s.AbstractConnector Stopped ServerConnector@6bab2585{HTTP/1.1, (http/1.1, h2c)}{0.0.0.0:8983}
2021-12-03 03:47:39.948 INFO  (ShutdownMonitor) [   ] o.e.j.s.session node0 Stopped scavenging
2021-12-03 03:47:39.952 INFO  (ShutdownMonitor) [   ] o.a.s.c.CoreContainer Shutting down CoreContainer instance=1819897025
2021-12-03 03:47:39.957 INFO  (ShutdownMonitor) [   ] o.a.s.m.SolrMetricManager Closing metric reporters for registry=solr.node tag=null
2021-12-03 03:47:39.957 INFO  (ShutdownMonitor) [   ] o.a.s.m.r.SolrJmxReporter Closing reporter [org.apache.solr.metrics.reporters.SolrJmxReporter@7fc420b8: rootName = null, domain = solr.node, service url = null, agent id = null] for registry solr.node/com.codahale.metrics.MetricRegistry@96b5cc6
2021-12-03 03:47:39.964 INFO  (ShutdownMonitor) [   ] o.a.s.m.SolrMetricManager Closing metric reporters for registry=solr.jvm tag=null
2021-12-03 03:47:39.964 INFO  (ShutdownMonitor) [   ] o.a.s.m.r.SolrJmxReporter Closing reporter [org.apache.solr.metrics.reporters.SolrJmxReporter@4fc5563d: rootName = null, domain = solr.jvm, service url = null, agent id = null] for registry solr.jvm/com.codahale.metrics.MetricRegistry@706a8cf4
2021-12-03 03:47:39.965 INFO  (ShutdownMonitor) [   ] o.a.s.m.SolrMetricManager Closing metric reporters for registry=solr.jetty tag=null
2021-12-03 03:47:39.966 INFO  (ShutdownMonitor) [   ] o.a.s.m.r.SolrJmxReporter Closing reporter [org.apache.solr.metrics.reporters.SolrJmxReporter@286090c: rootName = null, domain = solr.jetty, service url = null, agent id = null] for registry solr.jetty/com.codahale.metrics.MetricRegistry@1bf3019
2021-12-03 03:47:39.979 INFO  (ShutdownMonitor) [   ] o.e.j.s.h.ContextHandler Stopped o.e.j.w.WebAppContext@323e8306{/solr,null,STOPPED}{/Users/ms/Desktop/IRproject/solr-8.11.0/server/solr-webapp/webapp}
